Using pre-set license
Built from '2020.3/staging' branch; Version is '2020.3.16f1 (049d6eca3c44) revision 302446'; Using compiler version '192528614'; Build Type 'Release'
OS: 'Windows 10 Enterprise; OS build 17763.805; Version 1809; 64bit' Language: 'en' Physical Memory: 16212 MB
BatchMode: 1, IsHumanControllingUs: 0, StartBugReporterOnCrash: 0, Is64bit: 1, IsPro: 0

 COMMAND LINE ARGUMENTS:
C:\Program Files\Unity\2020.3.16f1\Editor\Unity.exe
-adb2
-batchMode
-noUpm
-name
AssetImportWorker0
-projectPath
C:/Users/jgonzale5/Downloads/#Classes/Fall 2021/Scripting for Game Design/Scripting for Game Design
-logFile
Logs/AssetImportWorker0.log
-srvPort
61857
Successfully changed project path to: C:/Users/jgonzale5/Downloads/#Classes/Fall 2021/Scripting for Game Design/Scripting for Game Design
C:/Users/jgonzale5/Downloads/#Classes/Fall 2021/Scripting for Game Design/Scripting for Game Design
Using Asset Import Pipeline V2.
Refreshing native plugins compatible for Editor in 33.80 ms, found 2 plugins.
Preloading 0 native plugins for Editor in 0.00 ms.
Initialize engine version: 2020.3.16f1 (049d6eca3c44)
[Subsystems] Discovering subsystems at path C:/Program Files/Unity/2020.3.16f1/Editor/Data/Resources/UnitySubsystems
[Subsystems] Discovering subsystems at path C:/Users/jgonzale5/Downloads/#Classes/Fall 2021/Scripting for Game Design/Scripting for Game Design/Assets
GfxDevice: creating device client; threaded=0
Direct3D:
    Version:  Direct3D 11.0 [level 11.1]
    Renderer: Intel(R) UHD Graphics 620 (ID=0x5917)
    Vendor:   
    VRAM:     8106 MB
    Driver:   24.20.100.6290
Initialize mono
Mono path[0] = 'C:/Program Files/Unity/2020.3.16f1/Editor/Data/Managed'
Mono path[1] = 'C:/Program Files/Unity/2020.3.16f1/Editor/Data/MonoBleedingEdge/lib/mono/unityjit'
Mono config path = 'C:/Program Files/Unity/2020.3.16f1/Editor/Data/MonoBleedingEdge/etc'
Using monoOptions --debugger-agent=transport=dt_socket,embedding=1,server=y,suspend=n,address=127.0.0.1:56136
Begin MonoManager ReloadAssembly
Registering precompiled unity dll's ...
Register platform support module: C:/Program Files/Unity/2020.3.16f1/Editor/Data/PlaybackEngines/WindowsStandaloneSupport/UnityEditor.WindowsStandalone.Extensions.dll
Registered in 0.002616 seconds.
Native extension for WindowsStandalone target not found
Refreshing native plugins compatible for Editor in 43.51 ms, found 2 plugins.
Preloading 0 native plugins for Editor in 0.00 ms.
Mono: successfully reloaded assembly
- Completed reload, in  3.198 seconds
Domain Reload Profiling:
	ReloadAssembly (3199ms)
		BeginReloadAssembly (91ms)
			ExecutionOrderSort (0ms)
			DisableScriptedObjects (0ms)
			BackupInstance (0ms)
			ReleaseScriptingObjects (0ms)
			CreateAndSetChildDomain (2ms)
		EndReloadAssembly (424ms)
			LoadAssemblies (83ms)
			RebuildTransferFunctionScriptingTraits (0ms)
			SetupTypeCache (145ms)
			ReleaseScriptCaches (0ms)
			RebuildScriptCaches (36ms)
			SetupLoadedEditorAssemblies (172ms)
				LogAssemblyErrors (0ms)
				InitializePlatformSupportModulesInManaged (5ms)
				SetLoadedEditorAssemblies (0ms)
				RefreshPlugins (44ms)
				BeforeProcessingInitializeOnLoad (17ms)
				ProcessInitializeOnLoadAttributes (79ms)
				ProcessInitializeOnLoadMethodAttributes (27ms)
				AfterProcessingInitializeOnLoad (0ms)
				EditorAssembliesLoaded (0ms)
			ExecutionOrderSort2 (0ms)
			AwakeInstancesAfterBackupRestoration (0ms)
Platform modules already initialized, skipping
Registering precompiled user dll's ...
Registered in 0.008410 seconds.
Begin MonoManager ReloadAssembly
Native extension for WindowsStandalone target not found
Refreshing native plugins compatible for Editor in 0.83 ms, found 2 plugins.
Preloading 0 native plugins for Editor in 0.00 ms.
Mono: successfully reloaded assembly
- Completed reload, in  4.163 seconds
Domain Reload Profiling:
	ReloadAssembly (4165ms)
		BeginReloadAssembly (680ms)
			ExecutionOrderSort (0ms)
			DisableScriptedObjects (5ms)
			BackupInstance (0ms)
			ReleaseScriptingObjects (0ms)
			CreateAndSetChildDomain (96ms)
		EndReloadAssembly (3024ms)
			LoadAssemblies (567ms)
			RebuildTransferFunctionScriptingTraits (0ms)
			SetupTypeCache (1758ms)
			ReleaseScriptCaches (0ms)
			RebuildScriptCaches (96ms)
			SetupLoadedEditorAssemblies (482ms)
				LogAssemblyErrors (0ms)
				InitializePlatformSupportModulesInManaged (12ms)
				SetLoadedEditorAssemblies (1ms)
				RefreshPlugins (1ms)
				BeforeProcessingInitializeOnLoad (126ms)
				ProcessInitializeOnLoadAttributes (332ms)
				ProcessInitializeOnLoadMethodAttributes (4ms)
				AfterProcessingInitializeOnLoad (6ms)
				EditorAssembliesLoaded (0ms)
			ExecutionOrderSort2 (0ms)
			AwakeInstancesAfterBackupRestoration (7ms)
Platform modules already initialized, skipping
========================================================================
Worker process is ready to serve import requests
Launched and connected shader compiler UnityShaderCompiler.exe after 0.28 seconds
Refreshing native plugins compatible for Editor in 0.30 ms, found 2 plugins.
Preloading 0 native plugins for Editor in 0.00 ms.
Unloading 1443 Unused Serialized files (Serialized files now loaded: 0)
System memory in use before: 139.2 MB.
System memory in use after: 139.3 MB.

Unloading 18 unused Assets to reduce memory usage. Loaded Objects now: 1885.
Total: 3.122700 ms (FindLiveObjects: 0.180500 ms CreateObjectMapping: 0.047300 ms MarkObjects: 2.817100 ms  DeleteObjects: 0.076900 ms)

AssetImportParameters requested are different than current active one (requested -> active):
  custom:framework-win-MediaFoundation: 216162199b28c13a410421893ffa2e32 -> 
  custom:video-decoder-ogg-theora: a1e56fd34408186e4bbccfd4996cb3dc -> 
  custom:container-muxer-webm: aa71ff27fc2769a1b78a27578f13a17b -> 
  custom:container-demuxer-webm: 4f35f7cbe854078d1ac9338744f61a02 -> 
  custom:container-demuxer-ogg: 62fdf1f143b41e24485cea50d1cbac27 -> 
  custom:video-encoder-webm-vp8: eb34c28f22e8b96e1ab97ce403110664 -> 
  custom:video-decoder-webm-vp8: 9c59270c3fd7afecdb556c50c9e8de78 -> 
  custom:audio-decoder-ogg-vorbis: bf7c407c2cedff20999df2af8eb42d56 -> 
  custom:audio-encoder-webm-vorbis: bf7c407c2cedff20999df2af8eb42d56 -> 
========================================================================
Received Import Request.
  path: Assets/Scenes/PostprocessingTest.unity
  artifactKey: Guid(c9791e55b499414429e6a08c0ebee064) Importer(815301076,1909f56bfc062723c751e8b465ee728b)
Start importing Assets/Scenes/PostprocessingTest.unity using Guid(c9791e55b499414429e6a08c0ebee064) Importer(815301076,1909f56bfc062723c751e8b465ee728b)  -> (artifact id: '0e7a4a362ea8f2334d07a1d029467f25') in 0.012001 seconds 
  Import took 0.014506 seconds .

========================================================================
Received Import Request.
  Time since last request: 29.898400 seconds.
  path: Assets/Skyboxes
  artifactKey: Guid(a8b150285226e9c4a9fbadba49a6c67c) Importer(815301076,1909f56bfc062723c751e8b465ee728b)
Start importing Assets/Skyboxes using Guid(a8b150285226e9c4a9fbadba49a6c67c) Importer(815301076,1909f56bfc062723c751e8b465ee728b)  -> (artifact id: '4467c32001eb4b49f0fa86323145e2d1') in 0.006491 seconds 
  Import took 0.011114 seconds .

========================================================================
Received Import Request.
  Time since last request: 0.005174 seconds.
  path: Assets/Skyboxes
  artifactKey: Guid(a8b150285226e9c4a9fbadba49a6c67c) Importer(815301076,1909f56bfc062723c751e8b465ee728b)
Start importing Assets/Skyboxes using Guid(a8b150285226e9c4a9fbadba49a6c67c) Importer(815301076,1909f56bfc062723c751e8b465ee728b)  -> (artifact id: '4467c32001eb4b49f0fa86323145e2d1') in 0.005164 seconds 
  Import took 0.010115 seconds .

========================================================================
Received Import Request.
  Time since last request: 69.923922 seconds.
  path: Assets/Skyboxes/back.png
  artifactKey: Guid(26059175d6c877848af5491e9d09fd19) Importer(815301076,1909f56bfc062723c751e8b465ee728b)
Start importing Assets/Skyboxes/back.png using Guid(26059175d6c877848af5491e9d09fd19) Importer(815301076,1909f56bfc062723c751e8b465ee728b)  -> (artifact id: 'c667c46dbb4f193b46f2c59884d7112d') in 0.192054 seconds 
  Import took 0.198069 seconds .

========================================================================
Received Import Request.
  Time since last request: 0.000333 seconds.
  path: Assets/Skyboxes/satara_night_no_lamps_1k(1).hdr
  artifactKey: Guid(8a0f8013258f7704c9a41f474ccf2660) Importer(815301076,1909f56bfc062723c751e8b465ee728b)
Start importing Assets/Skyboxes/satara_night_no_lamps_1k(1).hdr using Guid(8a0f8013258f7704c9a41f474ccf2660) Importer(815301076,1909f56bfc062723c751e8b465ee728b)  -> (artifact id: '266e2008653d2cddd368f4fc33db535b') in 0.023241 seconds 
  Import took 0.028552 seconds .

========================================================================
Received Import Request.
  Time since last request: 0.000897 seconds.
  path: Assets/Skyboxes/left.png
  artifactKey: Guid(e5e66b3126afc2a4f9a9a31e0bbaf1ab) Importer(815301076,1909f56bfc062723c751e8b465ee728b)
Start importing Assets/Skyboxes/left.png using Guid(e5e66b3126afc2a4f9a9a31e0bbaf1ab) Importer(815301076,1909f56bfc062723c751e8b465ee728b)  -> (artifact id: '8cdb0cd56b14c367c6a7f24f3b19cfcf') in 0.019457 seconds 
  Import took 0.024513 seconds .

========================================================================
Received Import Request.
  Time since last request: 0.000440 seconds.
  path: Assets/Skyboxes/right.png
  artifactKey: Guid(f09e9c480edd2f749992935c07532883) Importer(815301076,1909f56bfc062723c751e8b465ee728b)
Start importing Assets/Skyboxes/right.png using Guid(f09e9c480edd2f749992935c07532883) Importer(815301076,1909f56bfc062723c751e8b465ee728b)  -> (artifact id: '207c48f3cf5d07c37b6fdbaa22fc7e5f') in 0.019360 seconds 
  Import took 0.025227 seconds .

========================================================================
Received Import Request.
  Time since last request: 0.000698 seconds.
  path: Assets/Skyboxes/cubemap.png
  artifactKey: Guid(05ba286e295b27845bcd6ee92a64e7e8) Importer(815301076,1909f56bfc062723c751e8b465ee728b)
Start importing Assets/Skyboxes/cubemap.png using Guid(05ba286e295b27845bcd6ee92a64e7e8) Importer(815301076,1909f56bfc062723c751e8b465ee728b)  -> (artifact id: '35ad17d80b3166a63ce24dc2e834fa45') in 0.023640 seconds 
  Import took 0.027958 seconds .

========================================================================
Received Import Request.
  Time since last request: 0.000883 seconds.
  path: Assets/Skyboxes/top.png
  artifactKey: Guid(66268727248bc2245b955be618a7a5e4) Importer(815301076,1909f56bfc062723c751e8b465ee728b)
Start importing Assets/Skyboxes/top.png using Guid(66268727248bc2245b955be618a7a5e4) Importer(815301076,1909f56bfc062723c751e8b465ee728b)  -> (artifact id: 'ccc830566dc1830e653d1798ee46b28e') in 0.017840 seconds 
  Import took 0.022436 seconds .

========================================================================
Received Import Request.
  Time since last request: 0.000456 seconds.
  path: Assets/Skyboxes/front.png
  artifactKey: Guid(e5244132f5ca24646803c79117c5ef32) Importer(815301076,1909f56bfc062723c751e8b465ee728b)
Start importing Assets/Skyboxes/front.png using Guid(e5244132f5ca24646803c79117c5ef32) Importer(815301076,1909f56bfc062723c751e8b465ee728b)  -> (artifact id: 'a6c526e3376c480c6da0f180da417e00') in 0.024237 seconds 
  Import took 0.029278 seconds .

========================================================================
Received Import Request.
  Time since last request: 0.000421 seconds.
  path: Assets/Skyboxes/bottom.png
  artifactKey: Guid(d563838954627034aa6c2df29aeee152) Importer(815301076,1909f56bfc062723c751e8b465ee728b)
Start importing Assets/Skyboxes/bottom.png using Guid(d563838954627034aa6c2df29aeee152) Importer(815301076,1909f56bfc062723c751e8b465ee728b)  -> (artifact id: '66415cde8383c7e94f55abccd6c96d48') in 0.020623 seconds 
  Import took 0.024234 seconds .

========================================================================
Received Import Request.
  Time since last request: 35.258115 seconds.
  path: Assets/Scenes/StateTesrt.unity
  artifactKey: Guid(ee7f03456e5c7bd4a8bacc75c8e0a777) Importer(815301076,1909f56bfc062723c751e8b465ee728b)
Start importing Assets/Scenes/StateTesrt.unity using Guid(ee7f03456e5c7bd4a8bacc75c8e0a777) Importer(815301076,1909f56bfc062723c751e8b465ee728b)  -> (artifact id: 'f2cbc7a42eb8af9da7ebc0a9a5cccd65') in 0.011896 seconds 
  Import took 0.017515 seconds .

========================================================================
Received Import Request.
  Time since last request: 218.485555 seconds.
  path: Assets/Skyboxes/SpaceSkybox.mat
  artifactKey: Guid(07b95c0402e2282429589cb36de1c56a) Importer(815301076,1909f56bfc062723c751e8b465ee728b)
Start importing Assets/Skyboxes/SpaceSkybox.mat using Guid(07b95c0402e2282429589cb36de1c56a) Importer(815301076,1909f56bfc062723c751e8b465ee728b)  -> (artifact id: '4c2ce1476a0ffa03834260a2fbfb6ca8') in 0.184877 seconds 
  Import took 0.190581 seconds .

========================================================================
Received Import Request.
  Time since last request: 11.614344 seconds.
  path: Assets/Skyboxes/HDRSkybox.mat
  artifactKey: Guid(28a83e0ff6b75b44fb9f4c00af572202) Importer(815301076,1909f56bfc062723c751e8b465ee728b)
Start importing Assets/Skyboxes/HDRSkybox.mat using Guid(28a83e0ff6b75b44fb9f4c00af572202) Importer(815301076,1909f56bfc062723c751e8b465ee728b)  -> (artifact id: '2b7939450b5186891286eccc7346050d') in 0.039186 seconds 
  Import took 0.044024 seconds .

========================================================================
Received Import Request.
  Time since last request: 777.537179 seconds.
  path: Assets/Skyboxes/satara_night_no_lamps_1k(1).hdr
  artifactKey: Guid(8a0f8013258f7704c9a41f474ccf2660) Importer(815301076,1909f56bfc062723c751e8b465ee728b)
Start importing Assets/Skyboxes/satara_night_no_lamps_1k(1).hdr using Guid(8a0f8013258f7704c9a41f474ccf2660) Importer(815301076,1909f56bfc062723c751e8b465ee728b)  -> (artifact id: '79b39fcd1ec78e8e2d35aa5fcf27b7c4') in 0.053244 seconds 
  Import took 0.060039 seconds .

========================================================================
Received Import Request.
  Time since last request: 0.002392 seconds.
  path: Assets/Skyboxes/satara_night_no_lamps_1k(1).hdr
  artifactKey: Guid(8a0f8013258f7704c9a41f474ccf2660) Importer(815301076,1909f56bfc062723c751e8b465ee728b)
Start importing Assets/Skyboxes/satara_night_no_lamps_1k(1).hdr using Guid(8a0f8013258f7704c9a41f474ccf2660) Importer(815301076,1909f56bfc062723c751e8b465ee728b)  -> (artifact id: '79b39fcd1ec78e8e2d35aa5fcf27b7c4') in 0.025533 seconds 
  Import took 0.029656 seconds .

========================================================================
Received Prepare
Registering precompiled user dll's ...
Registered in 0.019489 seconds.
Begin MonoManager ReloadAssembly
Native extension for WindowsStandalone target not found
Refreshing native plugins compatible for Editor in 1.41 ms, found 2 plugins.
Preloading 0 native plugins for Editor in 0.00 ms.
[ScriptCompilation] NOT recompiling all scripts because this is an import worker process. Reason to compile was: Define symbols changed
Mono: successfully reloaded assembly
- Completed reload, in  2.551 seconds
Domain Reload Profiling:
	ReloadAssembly (2552ms)
		BeginReloadAssembly (209ms)
			ExecutionOrderSort (0ms)
			DisableScriptedObjects (8ms)
			BackupInstance (0ms)
			ReleaseScriptingObjects (0ms)
			CreateAndSetChildDomain (58ms)
		EndReloadAssembly (2201ms)
			LoadAssemblies (200ms)
			RebuildTransferFunctionScriptingTraits (0ms)
			SetupTypeCache (753ms)
			ReleaseScriptCaches (1ms)
			RebuildScriptCaches (90ms)
			SetupLoadedEditorAssemblies (876ms)
				LogAssemblyErrors (0ms)
				InitializePlatformSupportModulesInManaged (18ms)
				SetLoadedEditorAssemblies (2ms)
				RefreshPlugins (2ms)
				BeforeProcessingInitializeOnLoad (194ms)
				ProcessInitializeOnLoadAttributes (636ms)
				ProcessInitializeOnLoadMethodAttributes (8ms)
				AfterProcessingInitializeOnLoad (17ms)
				EditorAssembliesLoaded (1ms)
			ExecutionOrderSort2 (0ms)
			AwakeInstancesAfterBackupRestoration (25ms)
Platform modules already initialized, skipping
Refreshing native plugins compatible for Editor in 0.64 ms, found 2 plugins.
Preloading 0 native plugins for Editor in 0.00 ms.
Unloading 1557 Unused Serialized files (Serialized files now loaded: 0)
System memory in use before: 151.3 MB.
System memory in use after: 149.3 MB.

Unloading 40 unused Assets to reduce memory usage. Loaded Objects now: 2024.
Total: 6.776600 ms (FindLiveObjects: 0.338700 ms CreateObjectMapping: 0.127900 ms MarkObjects: 5.061300 ms  DeleteObjects: 1.245700 ms)

AssetImportParameters requested are different than current active one (requested -> active):
  custom:framework-win-MediaFoundation: 216162199b28c13a410421893ffa2e32 -> 
  custom:video-decoder-ogg-theora: a1e56fd34408186e4bbccfd4996cb3dc -> 
  custom:container-muxer-webm: aa71ff27fc2769a1b78a27578f13a17b -> 
  custom:container-demuxer-webm: 4f35f7cbe854078d1ac9338744f61a02 -> 
  custom:container-demuxer-ogg: 62fdf1f143b41e24485cea50d1cbac27 -> 
  custom:video-encoder-webm-vp8: eb34c28f22e8b96e1ab97ce403110664 -> 
  custom:video-decoder-webm-vp8: 9c59270c3fd7afecdb556c50c9e8de78 -> 
  custom:audio-decoder-ogg-vorbis: bf7c407c2cedff20999df2af8eb42d56 -> 
  custom:audio-encoder-webm-vorbis: bf7c407c2cedff20999df2af8eb42d56 -> 
========================================================================
Received Import Request.
  Time since last request: 321.769656 seconds.
  path: Assets/PostProcessing
  artifactKey: Guid(f39da82459b13ed419b24ed07ba09f56) Importer(815301076,1909f56bfc062723c751e8b465ee728b)
Start importing Assets/PostProcessing using Guid(f39da82459b13ed419b24ed07ba09f56) Importer(815301076,1909f56bfc062723c751e8b465ee728b)  -> (artifact id: '58dd977d716fa5014ab59e26ba2eec8a') in 0.009604 seconds 
  Import took 0.013606 seconds .

========================================================================
Received Import Request.
  Time since last request: 54.268446 seconds.
  path: Assets/PostProcessing/New Post-processing Profile.asset
  artifactKey: Guid(ceafa2cc1fe9fb442a422efc6f2d2778) Importer(815301076,1909f56bfc062723c751e8b465ee728b)
Start importing Assets/PostProcessing/New Post-processing Profile.asset using Guid(ceafa2cc1fe9fb442a422efc6f2d2778) Importer(815301076,1909f56bfc062723c751e8b465ee728b)  -> (artifact id: '33123f389190b03dd3705055f3738a5c') in 0.025875 seconds 
  Import took 0.031709 seconds .

========================================================================
Received Prepare
Registering precompiled user dll's ...
Registered in 0.017291 seconds.
Begin MonoManager ReloadAssembly
Native extension for WindowsStandalone target not found
Refreshing native plugins compatible for Editor in 0.33 ms, found 2 plugins.
Preloading 0 native plugins for Editor in 0.00 ms.
Mono: successfully reloaded assembly
- Completed reload, in  1.432 seconds
Domain Reload Profiling:
	ReloadAssembly (1433ms)
		BeginReloadAssembly (117ms)
			ExecutionOrderSort (0ms)
			DisableScriptedObjects (5ms)
			BackupInstance (0ms)
			ReleaseScriptingObjects (0ms)
			CreateAndSetChildDomain (35ms)
		EndReloadAssembly (1250ms)
			LoadAssemblies (110ms)
			RebuildTransferFunctionScriptingTraits (0ms)
			SetupTypeCache (453ms)
			ReleaseScriptCaches (1ms)
			RebuildScriptCaches (41ms)
			SetupLoadedEditorAssemblies (484ms)
				LogAssemblyErrors (0ms)
				InitializePlatformSupportModulesInManaged (4ms)
				SetLoadedEditorAssemblies (0ms)
				RefreshPlugins (0ms)
				BeforeProcessingInitializeOnLoad (72ms)
				ProcessInitializeOnLoadAttributes (394ms)
				ProcessInitializeOnLoadMethodAttributes (4ms)
				AfterProcessingInitializeOnLoad (8ms)
				EditorAssembliesLoaded (0ms)
			ExecutionOrderSort2 (0ms)
			AwakeInstancesAfterBackupRestoration (13ms)
Platform modules already initialized, skipping
Refreshing native plugins compatible for Editor in 1.44 ms, found 2 plugins.
Preloading 0 native plugins for Editor in 0.00 ms.
Unloading 1437 Unused Serialized files (Serialized files now loaded: 0)
System memory in use before: 144.3 MB.
System memory in use after: 144.4 MB.

Unloading 70 unused Assets to reduce memory usage. Loaded Objects now: 1969.
Total: 14.217900 ms (FindLiveObjects: 0.922100 ms CreateObjectMapping: 0.417100 ms MarkObjects: 12.708700 ms  DeleteObjects: 0.163400 ms)

AssetImportParameters requested are different than current active one (requested -> active):
  custom:framework-win-MediaFoundation: 216162199b28c13a410421893ffa2e32 -> 
  custom:video-decoder-ogg-theora: a1e56fd34408186e4bbccfd4996cb3dc -> 
  custom:container-muxer-webm: aa71ff27fc2769a1b78a27578f13a17b -> 
  custom:container-demuxer-webm: 4f35f7cbe854078d1ac9338744f61a02 -> 
  custom:container-demuxer-ogg: 62fdf1f143b41e24485cea50d1cbac27 -> 
  custom:video-encoder-webm-vp8: eb34c28f22e8b96e1ab97ce403110664 -> 
  custom:video-decoder-webm-vp8: 9c59270c3fd7afecdb556c50c9e8de78 -> 
  custom:audio-decoder-ogg-vorbis: bf7c407c2cedff20999df2af8eb42d56 -> 
  custom:audio-encoder-webm-vorbis: bf7c407c2cedff20999df2af8eb42d56 -> 
========================================================================
Received Prepare
Registering precompiled user dll's ...
Registered in 0.078767 seconds.
Begin MonoManager ReloadAssembly
Native extension for WindowsStandalone target not found
Refreshing native plugins compatible for Editor in 56.02 ms, found 2 plugins.
Preloading 0 native plugins for Editor in 0.00 ms.
Mono: successfully reloaded assembly
- Completed reload, in  2.245 seconds
Domain Reload Profiling:
	ReloadAssembly (2246ms)
		BeginReloadAssembly (606ms)
			ExecutionOrderSort (0ms)
			DisableScriptedObjects (162ms)
			BackupInstance (0ms)
			ReleaseScriptingObjects (0ms)
			CreateAndSetChildDomain (64ms)
		EndReloadAssembly (1569ms)
			LoadAssemblies (115ms)
			RebuildTransferFunctionScriptingTraits (0ms)
			SetupTypeCache (458ms)
			ReleaseScriptCaches (1ms)
			RebuildScriptCaches (45ms)
			SetupLoadedEditorAssemblies (777ms)
				LogAssemblyErrors (0ms)
				InitializePlatformSupportModulesInManaged (4ms)
				SetLoadedEditorAssemblies (0ms)
				RefreshPlugins (56ms)
				BeforeProcessingInitializeOnLoad (137ms)
				ProcessInitializeOnLoadAttributes (558ms)
				ProcessInitializeOnLoadMethodAttributes (8ms)
				AfterProcessingInitializeOnLoad (12ms)
				EditorAssembliesLoaded (1ms)
			ExecutionOrderSort2 (0ms)
			AwakeInstancesAfterBackupRestoration (14ms)
Platform modules already initialized, skipping
Shader 'Universal Render Pipeline/Nature/SpeedTree7': dependency 'BillboardShader' shader 'Universal Render Pipeline/Nature/SpeedTree7 Billboard' not found
Shader 'Universal Render Pipeline/Baked Lit': fallback shader 'Universal Render Pipeline/Unlit' not found
Shader 'Universal Render Pipeline/Simple Lit': fallback shader 'Hidden/Universal Render Pipeline/FallbackError' not found
Shader 'Universal Render Pipeline/Terrain/Lit': fallback shader 'Hidden/Universal Render Pipeline/FallbackError' not found
Shader 'Universal Render Pipeline/Terrain/Lit': dependency 'AddPassShader' shader 'Hidden/Universal Render Pipeline/Terrain/Lit (Add Pass)' not found
Shader 'Universal Render Pipeline/Terrain/Lit': dependency 'BaseMapShader' shader 'Hidden/Universal Render Pipeline/Terrain/Lit (Base Pass)' not found
Shader 'Universal Render Pipeline/Terrain/Lit': dependency 'BaseMapGenShader' shader 'Hidden/Universal Render Pipeline/Terrain/Lit (Basemap Gen)' not found
Shader 'Hidden/Universal Render Pipeline/Terrain/Lit (Add Pass)': fallback shader 'Hidden/Universal Render Pipeline/FallbackError' not found
Shader 'Hidden/Universal Render Pipeline/Terrain/Lit (Base Pass)': fallback shader 'Hidden/Universal Render Pipeline/FallbackError' not found
Shader 'Universal Render Pipeline/Particles/Lit': fallback shader 'Universal Render Pipeline/Particles/SimpleLit' not found
Shader 'Universal Render Pipeline/Particles/Lit': fallback shader 'Universal Render Pipeline/Particles/SimpleLit' not found
Refreshing native plugins compatible for Editor in 0.83 ms, found 2 plugins.
Preloading 0 native plugins for Editor in 0.00 ms.
Unloading 2692 Unused Serialized files (Serialized files now loaded: 0)
System memory in use before: 194.4 MB.
System memory in use after: 190.2 MB.

Unloading 70 unused Assets to reduce memory usage. Loaded Objects now: 3169.
Total: 10.466900 ms (FindLiveObjects: 0.491700 ms CreateObjectMapping: 0.295000 ms MarkObjects: 6.057300 ms  DeleteObjects: 3.620000 ms)

AssetImportParameters requested are different than current active one (requested -> active):
  custom:framework-win-MediaFoundation: 216162199b28c13a410421893ffa2e32 -> 
  custom:video-decoder-ogg-theora: a1e56fd34408186e4bbccfd4996cb3dc -> 
  custom:container-muxer-webm: aa71ff27fc2769a1b78a27578f13a17b -> 
  custom:container-demuxer-webm: 4f35f7cbe854078d1ac9338744f61a02 -> 
  custom:container-demuxer-ogg: 62fdf1f143b41e24485cea50d1cbac27 -> 
  custom:video-encoder-webm-vp8: eb34c28f22e8b96e1ab97ce403110664 -> 
  custom:video-decoder-webm-vp8: 9c59270c3fd7afecdb556c50c9e8de78 -> 
  custom:audio-decoder-ogg-vorbis: bf7c407c2cedff20999df2af8eb42d56 -> 
  custom:audio-encoder-webm-vorbis: bf7c407c2cedff20999df2af8eb42d56 -> 
========================================================================
Received Import Request.
  Time since last request: 301.297799 seconds.
  path: Assets/PostProcessing/UniversalRenderPipelineAsset.asset
  artifactKey: Guid(38a21475020b1d24b894a0b544aaba36) Importer(815301076,1909f56bfc062723c751e8b465ee728b)
Start importing Assets/PostProcessing/UniversalRenderPipelineAsset.asset using Guid(38a21475020b1d24b894a0b544aaba36) Importer(815301076,1909f56bfc062723c751e8b465ee728b)  -> (artifact id: 'e17ec9d52da5e9e59685dbaf9d53f15c') in 0.118823 seconds 
  Import took 0.139913 seconds .

========================================================================
Received Import Request.
  Time since last request: 0.001147 seconds.
  path: Assets/PostProcessing/UniversalRenderPipelineAsset_Renderer.asset
  artifactKey: Guid(122e9d196eae4914f8e415b19eb6d4f0) Importer(815301076,1909f56bfc062723c751e8b465ee728b)
Start importing Assets/PostProcessing/UniversalRenderPipelineAsset_Renderer.asset using Guid(122e9d196eae4914f8e415b19eb6d4f0) Importer(815301076,1909f56bfc062723c751e8b465ee728b)  -> (artifact id: '21f110fd2e185ee1ea9416d3baa15458') in 0.173581 seconds 
  Import took 0.215926 seconds .

========================================================================
Received Import Request.
  Time since last request: 137.170514 seconds.
  path: Assets/PostProcessing/UniversalRenderPipelineAsset_Renderer.asset
  artifactKey: Guid(122e9d196eae4914f8e415b19eb6d4f0) Importer(815301076,1909f56bfc062723c751e8b465ee728b)
Start importing Assets/PostProcessing/UniversalRenderPipelineAsset_Renderer.asset using Guid(122e9d196eae4914f8e415b19eb6d4f0) Importer(815301076,1909f56bfc062723c751e8b465ee728b)  -> (artifact id: '033db4c1592529d1b8021dcc5cd33a8d') in 0.116202 seconds 
  Import took 0.125756 seconds .

========================================================================
Received Import Request.
  Time since last request: 6.772205 seconds.
  path: Assets/Scenes/SampleScene/Global Volume Profile.asset
  artifactKey: Guid(17bc01f1cc14eb24c9783418d5c13dc1) Importer(815301076,1909f56bfc062723c751e8b465ee728b)
Start importing Assets/Scenes/SampleScene/Global Volume Profile.asset using Guid(17bc01f1cc14eb24c9783418d5c13dc1) Importer(815301076,1909f56bfc062723c751e8b465ee728b)  -> (artifact id: 'cfba48cc2e85b25601d17fd915d0f5fe') in 0.026412 seconds 
  Import took 0.044454 seconds .

========================================================================
Received Import Request.
  Time since last request: 15.953204 seconds.
  path: Assets/Scenes/SampleScene
  artifactKey: Guid(6485782d0d285234684fea2d4df021fa) Importer(815301076,1909f56bfc062723c751e8b465ee728b)
Start importing Assets/Scenes/SampleScene using Guid(6485782d0d285234684fea2d4df021fa) Importer(815301076,1909f56bfc062723c751e8b465ee728b)  -> (artifact id: 'e91307ef11598bf2ede69f876e852f9e') in 0.010603 seconds 
  Import took 0.020890 seconds .

========================================================================
Received Prepare
Switching render pipeline 00000000000000000000000000000000 -> 38a21475020b1d24b894a0b544aaba36
Shader 'Universal Render Pipeline/Particles/Lit': fallback shader 'Universal Render Pipeline/Particles/SimpleLit' not found
Shader 'Universal Render Pipeline/Particles/Lit': fallback shader 'Universal Render Pipeline/Particles/SimpleLit' not found
Refreshing native plugins compatible for Editor in 5.70 ms, found 2 plugins.
Preloading 0 native plugins for Editor in 0.00 ms.
Unloading 116 Unused Serialized files (Serialized files now loaded: 0)
System memory in use before: 146.3 MB.
System memory in use after: 143.3 MB.

Unloading 48 unused Assets to reduce memory usage. Loaded Objects now: 3237.
Total: 6.808000 ms (FindLiveObjects: 0.309900 ms CreateObjectMapping: 0.143700 ms MarkObjects: 4.740600 ms  DeleteObjects: 1.612200 ms)

AssetImportParameters requested are different than current active one (requested -> active):
  custom:framework-win-MediaFoundation: 216162199b28c13a410421893ffa2e32 -> 
  custom:video-decoder-ogg-theora: a1e56fd34408186e4bbccfd4996cb3dc -> 
  custom:container-muxer-webm: aa71ff27fc2769a1b78a27578f13a17b -> 
  custom:container-demuxer-webm: 4f35f7cbe854078d1ac9338744f61a02 -> 
  custom:container-demuxer-ogg: 62fdf1f143b41e24485cea50d1cbac27 -> 
  custom:video-encoder-webm-vp8: eb34c28f22e8b96e1ab97ce403110664 -> 
  custom:video-decoder-webm-vp8: 9c59270c3fd7afecdb556c50c9e8de78 -> 
  custom:audio-decoder-ogg-vorbis: bf7c407c2cedff20999df2af8eb42d56 -> 
  custom:audio-encoder-webm-vorbis: bf7c407c2cedff20999df2af8eb42d56 -> 
========================================================================
Received Import Request.
  Time since last request: 376.976849 seconds.
  path: Assets/Materials/Blood.mat
  artifactKey: Guid(f9081434f5049104fbf9953c01b9c06e) Importer(815301076,1909f56bfc062723c751e8b465ee728b)
Start importing Assets/Materials/Blood.mat using Guid(f9081434f5049104fbf9953c01b9c06e) Importer(815301076,1909f56bfc062723c751e8b465ee728b)  -> (artifact id: '2f2289125d8ad1bec7435d03c98db964') in 0.559301 seconds 
  Import took 0.571116 seconds .

========================================================================
Received Import Request.
  Time since last request: 0.000551 seconds.
  path: Assets/Materials/EnvBranch_1.mat
  artifactKey: Guid(d75d1c9464a2e0e48ae65439f5a4da0c) Importer(815301076,1909f56bfc062723c751e8b465ee728b)
Start importing Assets/Materials/EnvBranch_1.mat using Guid(d75d1c9464a2e0e48ae65439f5a4da0c) Importer(815301076,1909f56bfc062723c751e8b465ee728b)  -> (artifact id: 'e7a97c57248d883463167d6154ca6438') in 0.041904 seconds 
  Import took 0.052479 seconds .

========================================================================
Received Import Request.
  Time since last request: 0.000575 seconds.
  path: Assets/Materials/Clouds.mat
  artifactKey: Guid(a1c1896a2224c54498e04b62dde5ba8d) Importer(815301076,1909f56bfc062723c751e8b465ee728b)
Start importing Assets/Materials/Clouds.mat using Guid(a1c1896a2224c54498e04b62dde5ba8d) Importer(815301076,1909f56bfc062723c751e8b465ee728b)  -> (artifact id: '6aa6c7f905ed4a09bbce221ab829bde2') in 0.028382 seconds 
  Import took 0.039388 seconds .

========================================================================
Received Import Request.
  Time since last request: 0.000540 seconds.
  path: Assets/Materials/Invisible.mat
  artifactKey: Guid(5520d8aee50f57d49b20f926c7a6f380) Importer(815301076,1909f56bfc062723c751e8b465ee728b)
Start importing Assets/Materials/Invisible.mat using Guid(5520d8aee50f57d49b20f926c7a6f380) Importer(815301076,1909f56bfc062723c751e8b465ee728b)  -> (artifact id: '39b782f568889f6cb0e17ced37bae89b') in 0.086526 seconds 
  Import took 0.099647 seconds .

========================================================================
Received Import Request.
  Time since last request: 0.001074 seconds.
  path: Assets/Materials/Mushroom.mat
  artifactKey: Guid(67e1a1b3c40a56b49b65fb52b13e061c) Importer(815301076,1909f56bfc062723c751e8b465ee728b)
Start importing Assets/Materials/Mushroom.mat using Guid(67e1a1b3c40a56b49b65fb52b13e061c) Importer(815301076,1909f56bfc062723c751e8b465ee728b)  -> (artifact id: 'c7736c65487d916e83e0710854cf2e4a') in 0.039406 seconds 
  Import took 0.051142 seconds .

========================================================================
Received Import Request.
  Time since last request: 0.000600 seconds.
  path: Assets/Materials/MushroomStipe.mat
  artifactKey: Guid(e1a8064933e1ad143b5a3437da795431) Importer(815301076,1909f56bfc062723c751e8b465ee728b)
Start importing Assets/Materials/MushroomStipe.mat using Guid(e1a8064933e1ad143b5a3437da795431) Importer(815301076,1909f56bfc062723c751e8b465ee728b)  -> (artifact id: '1eb03b7682919367d74e4b090a78ac92') in 0.030514 seconds 
  Import took 0.039756 seconds .

========================================================================
Received Import Request.
  Time since last request: 0.000587 seconds.
  path: Assets/Materials/Water.mat
  artifactKey: Guid(b2579b0111d9fbe41833887f3472a5ed) Importer(815301076,1909f56bfc062723c751e8b465ee728b)
Start importing Assets/Materials/Water.mat using Guid(b2579b0111d9fbe41833887f3472a5ed) Importer(815301076,1909f56bfc062723c751e8b465ee728b)  -> (artifact id: 'f4b8ad71708335faebc9991c1f779aaa') in 0.027397 seconds 
  Import took 0.039973 seconds .

========================================================================
Received Import Request.
  Time since last request: 0.000581 seconds.
  path: Assets/Materials/Crate.mat
  artifactKey: Guid(e32bcd7ea20b3bb4daa6ffe9fbb12a22) Importer(815301076,1909f56bfc062723c751e8b465ee728b)
Start importing Assets/Materials/Crate.mat using Guid(e32bcd7ea20b3bb4daa6ffe9fbb12a22) Importer(815301076,1909f56bfc062723c751e8b465ee728b)  -> (artifact id: 'afd9c66c563f69bc825fb71f60648709') in 0.076980 seconds 
  Import took 0.088840 seconds .

========================================================================
Received Import Request.
  Time since last request: 0.000569 seconds.
  path: Assets/Materials/Grass_01.mat
  artifactKey: Guid(0387da3464085da4ba43c69f8e3f9881) Importer(815301076,1909f56bfc062723c751e8b465ee728b)
Start importing Assets/Materials/Grass_01.mat using Guid(0387da3464085da4ba43c69f8e3f9881) Importer(815301076,1909f56bfc062723c751e8b465ee728b)  -> (artifact id: 'f45e5717ccce0114ddc8108da5f6e91f') in 0.046193 seconds 
  Import took 0.059247 seconds .

========================================================================
Received Import Request.
  Time since last request: 0.001078 seconds.
  path: Assets/Materials/House.mat
  artifactKey: Guid(55d1ff0e7276ad64b9b9e6809a16712b) Importer(815301076,1909f56bfc062723c751e8b465ee728b)
Start importing Assets/Materials/House.mat using Guid(55d1ff0e7276ad64b9b9e6809a16712b) Importer(815301076,1909f56bfc062723c751e8b465ee728b)  -> (artifact id: '2dcc5c8d1168fbe8aa412cc45b7d15ea') in 0.039409 seconds 
  Import took 0.050062 seconds .

========================================================================
Received Import Request.
  Time since last request: 0.000597 seconds.
  path: Assets/Materials/Player.mat
  artifactKey: Guid(66d06935bd8c3a44d8b1966a1b3ccea4) Importer(815301076,1909f56bfc062723c751e8b465ee728b)
Start importing Assets/Materials/Player.mat using Guid(66d06935bd8c3a44d8b1966a1b3ccea4) Importer(815301076,1909f56bfc062723c751e8b465ee728b)  -> (artifact id: 'ba033198ad4799182c6993c638c12843') in 0.034626 seconds 
  Import took 0.048447 seconds .

========================================================================
Received Import Request.
  Time since last request: 0.000622 seconds.
  path: Assets/Materials/Grass_02.mat
  artifactKey: Guid(d02a3c79b153c794f8e6f3d736a9f5d6) Importer(815301076,1909f56bfc062723c751e8b465ee728b)
Start importing Assets/Materials/Grass_02.mat using Guid(d02a3c79b153c794f8e6f3d736a9f5d6) Importer(815301076,1909f56bfc062723c751e8b465ee728b)  -> (artifact id: '54b856aadca1abe50365bd5b6e58efd5') in 0.032060 seconds 
  Import took 0.042804 seconds .

========================================================================
Received Import Request.
  Time since last request: 0.000791 seconds.
  path: Assets/Materials/TestMaterial.physicMaterial
  artifactKey: Guid(4885df9cedd81b644adcd052567b2ac6) Importer(815301076,1909f56bfc062723c751e8b465ee728b)
Start importing Assets/Materials/TestMaterial.physicMaterial using Guid(4885df9cedd81b644adcd052567b2ac6) Importer(815301076,1909f56bfc062723c751e8b465ee728b)  -> (artifact id: '09d7ef32bf772acfc3adda6f1fa30b8c') in 0.020232 seconds 
  Import took 0.034788 seconds .

========================================================================
Received Import Request.
  Time since last request: 0.000786 seconds.
  path: Assets/Materials/Rock.mat
  artifactKey: Guid(5f98e165bebcf9e499dacbe29e21073d) Importer(815301076,1909f56bfc062723c751e8b465ee728b)
Start importing Assets/Materials/Rock.mat using Guid(5f98e165bebcf9e499dacbe29e21073d) Importer(815301076,1909f56bfc062723c751e8b465ee728b)  -> (artifact id: '8be1d0c1e47af4a5c2b90a7adb39c457') in 0.021992 seconds 
  Import took 0.032571 seconds .

========================================================================
Received Import Request.
  Time since last request: 0.000779 seconds.
  path: Assets/Materials/Slime.mat
  artifactKey: Guid(3fb10050c13cacd4a99dcbe95e030910) Importer(815301076,1909f56bfc062723c751e8b465ee728b)
Start importing Assets/Materials/Slime.mat using Guid(3fb10050c13cacd4a99dcbe95e030910) Importer(815301076,1909f56bfc062723c751e8b465ee728b)  -> (artifact id: '29b054b798fe3850fb9bb83c5109ead4') in 0.021194 seconds 
  Import took 0.031970 seconds .

========================================================================
Received Import Request.
  Time since last request: 21.129387 seconds.
  path: Packages/com.unity.render-pipelines.universal/Runtime/Materials/ParticlesUnlit.mat
  artifactKey: Guid(e823cd5b5d27c0f4b8256e7c12ee3e6d) Importer(815301076,1909f56bfc062723c751e8b465ee728b)
Start importing Packages/com.unity.render-pipelines.universal/Runtime/Materials/ParticlesUnlit.mat using Guid(e823cd5b5d27c0f4b8256e7c12ee3e6d) Importer(815301076,1909f56bfc062723c751e8b465ee728b)  -> (artifact id: '5f1d6ee59cc5d6085e3481054fdde5bf') in 0.034498 seconds 
  Import took 0.044605 seconds .

========================================================================
Received Import Request.
  Time since last request: 3.286896 seconds.
  path: Packages/com.unity.searcher/Editor/Resources/FlatSkin/Font/Roboto-Regular.ttf
  artifactKey: Guid(30dc370b164eefc43b95744fc796dad0) Importer(815301076,1909f56bfc062723c751e8b465ee728b)
Start importing Packages/com.unity.searcher/Editor/Resources/FlatSkin/Font/Roboto-Regular.ttf using Guid(30dc370b164eefc43b95744fc796dad0) Importer(815301076,1909f56bfc062723c751e8b465ee728b)  -> (artifact id: 'e1a8334d2c739435318dc69950af0451') in 0.080817 seconds 
  Import took 0.087659 seconds .

========================================================================
Received Import Request.
  Time since last request: 0.000358 seconds.
  path: Packages/com.unity.searcher/Editor/Resources/FlatSkin/Font/Roboto-BoldItalic.ttf
  artifactKey: Guid(dfb97a9307a577a41bcacba34b9a7e32) Importer(815301076,1909f56bfc062723c751e8b465ee728b)
Start importing Packages/com.unity.searcher/Editor/Resources/FlatSkin/Font/Roboto-BoldItalic.ttf using Guid(dfb97a9307a577a41bcacba34b9a7e32) Importer(815301076,1909f56bfc062723c751e8b465ee728b)  -> (artifact id: '212ecb5867eacf676d5c1bb72c23d88e') in 0.043533 seconds 
  Import took 0.051385 seconds .

========================================================================
Received Import Request.
  Time since last request: 0.000498 seconds.
  path: Assets/Skyboxes/SpaceSkybox.mat
  artifactKey: Guid(07b95c0402e2282429589cb36de1c56a) Importer(815301076,1909f56bfc062723c751e8b465ee728b)
Start importing Assets/Skyboxes/SpaceSkybox.mat using Guid(07b95c0402e2282429589cb36de1c56a) Importer(815301076,1909f56bfc062723c751e8b465ee728b)  -> (artifact id: '83f1c76dfd2be2cc8324bf808e74d868') in 0.056874 seconds 
  Import took 0.064822 seconds .

========================================================================
Received Import Request.
  Time since last request: 0.000517 seconds.
  path: Packages/com.unity.searcher/Editor/Resources/FlatSkin/Font/Roboto-BlackItalic.ttf
  artifactKey: Guid(f95147a9bab9fe649b8070170fa7ebd2) Importer(815301076,1909f56bfc062723c751e8b465ee728b)
Start importing Packages/com.unity.searcher/Editor/Resources/FlatSkin/Font/Roboto-BlackItalic.ttf using Guid(f95147a9bab9fe649b8070170fa7ebd2) Importer(815301076,1909f56bfc062723c751e8b465ee728b)  -> (artifact id: 'c421ce254d37158c030c9c3031d3b155') in 0.035881 seconds 
  Import took 0.045470 seconds .

========================================================================
Received Import Request.
  Time since last request: 0.000560 seconds.
  path: Packages/com.unity.searcher/Editor/Resources/FlatSkin/Font/Roboto-MediumItalic.ttf
  artifactKey: Guid(d93c1bc57fdf1ac4dad1bf04fac05464) Importer(815301076,1909f56bfc062723c751e8b465ee728b)
Start importing Packages/com.unity.searcher/Editor/Resources/FlatSkin/Font/Roboto-MediumItalic.ttf using Guid(d93c1bc57fdf1ac4dad1bf04fac05464) Importer(815301076,1909f56bfc062723c751e8b465ee728b)  -> (artifact id: 'f5702c6e9334574797fb98798bf80b4d') in 0.029907 seconds 
  Import took 0.038356 seconds .

========================================================================
Received Import Request.
  Time since last request: 0.000553 seconds.
  path: Packages/com.unity.render-pipelines.universal/Runtime/Materials/TerrainLit.mat
  artifactKey: Guid(594ea882c5a793440b60ff72d896021e) Importer(815301076,1909f56bfc062723c751e8b465ee728b)
Start importing Packages/com.unity.render-pipelines.universal/Runtime/Materials/TerrainLit.mat using Guid(594ea882c5a793440b60ff72d896021e) Importer(815301076,1909f56bfc062723c751e8b465ee728b) Shader error in 'Universal Render Pipeline/Terrain/Lit': Couldn't open include file 'Packages/com.unity.render-pipelines.universal/Shaders/Terrain/TerrainLitInput.hlsl'. at line 90

Compiling Vertex program with _ADDITIONAL_LIGHTS _TERRAIN_INSTANCED_PERPIXEL_NORMAL
Platform defines: UNITY_ENABLE_REFLECTION_BUFFERS UNITY_USE_DITHER_MASK_FOR_ALPHABLENDED_SHADOWS UNITY_PBS_USE_BRDF1 UNITY_SPECCUBE_BOX_PROJECTION UNITY_SPECCUBE_BLENDING UNITY_ENABLE_DETAIL_NORMALMAP SHADER_API_DESKTOP UNITY_COLORSPACE_GAMMA UNITY_LIGHT_PROBE_PROXY_VOLUME UNITY_LIGHTMAP_FULL_HDR
Disabled keywords: _MAIN_LIGHT_SHADOWS _MAIN_LIGHT_SHADOWS_CASCADE _ADDITIONAL_LIGHTS_VERTEX LIGHTMAP_SHADOW_MIXING SHADOWS_SHADOWMASK DIRLIGHTMAP_COMBINED LIGHTMAP_ON FOG_LINEAR FOG_EXP FOG_EXP2 INSTANCING_ON _NORMALMAP UNITY_NO_DXT5nm UNITY_ENABLE_NATIVE_SHADOW_LOOKUPS UNITY_METAL_SHADOWS_USE_POINT_FILTERING UNITY_NO_SCREENSPACE_SHADOWS UNITY_PBS_USE_BRDF2 UNITY_PBS_USE_BRDF3 UNITY_NO_FULL_STANDARD_SHADER UNITY_HARDWARE_TIER1 UNITY_HARDWARE_TIER2 UNITY_HARDWARE_TIER3 UNITY_HALF_PRECISION_FRAGMENT_SHADER_REGISTERS UNITY_LIGHTMAP_DLDR_ENCODING UNITY_LIGHTMAP_RGBM_ENCODING UNITY_VIRTUAL_TEXTURING UNITY_PRETRANSFORM_TO_DISPLAY_ORIENTATION UNITY_ASTC_NORMALMAP_ENCODING SHADER_API_GLES30

Shader error in 'Universal Render Pipeline/Terrain/Lit': Couldn't open include file 'Packages/com.unity.render-pipelines.universal/Shaders/Terrain/TerrainLitInput.hlsl'. at line 90

Compiling Vertex program with _ADDITIONAL_LIGHTS _TERRAIN_INSTANCED_PERPIXEL_NORMAL
Platform defines: UNITY_ENABLE_REFLECTION_BUFFERS UNITY_USE_DITHER_MASK_FOR_ALPHABLENDED_SHADOWS UNITY_PBS_USE_BRDF1 UNITY_SPECCUBE_BOX_PROJECTION UNITY_SPECCUBE_BLENDING UNITY_ENABLE_DETAIL_NORMALMAP SHADER_API_DESKTOP UNITY_COLORSPACE_GAMMA UNITY_LIGHT_PROBE_PROXY_VOLUME UNITY_LIGHTMAP_FULL_HDR
Disabled keywords: _MAIN_LIGHT_SHADOWS _MAIN_LIGHT_SHADOWS_CASCADE _ADDITIONAL_LIGHTS_VERTEX LIGHTMAP_SHADOW_MIXING SHADOWS_SHADOWMASK DIRLIGHTMAP_COMBINED LIGHTMAP_ON FOG_LINEAR FOG_EXP FOG_EXP2 INSTANCING_ON _NORMALMAP UNITY_NO_DXT5nm UNITY_ENABLE_NATIVE_SHADOW_LOOKUPS UNITY_METAL_SHADOWS_USE_POINT_FILTERING UNITY_NO_SCREENSPACE_SHADOWS UNITY_PBS_USE_BRDF2 UNITY_PBS_USE_BRDF3 UNITY_NO_FULL_STANDARD_SHADER UNITY_HARDWARE_TIER1 UNITY_HARDWARE_TIER2 UNITY_HARDWARE_TIER3 UNITY_HALF_PRECISION_FRAGMENT_SHADER_REGISTERS UNITY_LIGHTMAP_DLDR_ENCODING UNITY_LIGHTMAP_RGBM_ENCODING UNITY_VIRTUAL_TEXTURING UNITY_PRETRANSFORM_TO_DISPLAY_ORIENTATION UNITY_ASTC_NORMALMAP_ENCODING SHADER_API_GLES30

 -> (artifact id: 'a276406920d58eba5d513247e006ba07') in 0.058857 seconds 
  Import took 0.068072 seconds .

========================================================================
Received Import Request.
  Time since last request: 0.000611 seconds.
  path: Packages/com.unity.searcher/Editor/Resources/FlatSkin/Font/Roboto-Bold.ttf
  artifactKey: Guid(3750c318f40cab44a97d3a81beaefeb3) Importer(815301076,1909f56bfc062723c751e8b465ee728b)
Start importing Packages/com.unity.searcher/Editor/Resources/FlatSkin/Font/Roboto-Bold.ttf using Guid(3750c318f40cab44a97d3a81beaefeb3) Importer(815301076,1909f56bfc062723c751e8b465ee728b)  -> (artifact id: '079d6614bc0e61bf2d4d03abfe54bc44') in 0.039213 seconds 
  Import took 0.050440 seconds .

========================================================================
Received Import Request.
  Time since last request: 0.000574 seconds.
  path: Packages/com.unity.render-pipelines.universal/Runtime/Materials/Sprite-Unlit-Default.mat
  artifactKey: Guid(9dfc825aed78fcd4ba02077103263b40) Importer(815301076,1909f56bfc062723c751e8b465ee728b)
Start importing Packages/com.unity.render-pipelines.universal/Runtime/Materials/Sprite-Unlit-Default.mat using Guid(9dfc825aed78fcd4ba02077103263b40) Importer(815301076,1909f56bfc062723c751e8b465ee728b)  -> (artifact id: '231399afcac9b05d9cb44b4885a0ce00') in 0.030099 seconds 
  Import took 0.041650 seconds .

========================================================================
Received Import Request.
  Time since last request: 0.000455 seconds.
  path: Packages/com.unity.searcher/Editor/Resources/FlatSkin/Font/Roboto-Italic.ttf
  artifactKey: Guid(c839255fc8f6b4b4d90bf8c1af9f9bd1) Importer(815301076,1909f56bfc062723c751e8b465ee728b)
Start importing Packages/com.unity.searcher/Editor/Resources/FlatSkin/Font/Roboto-Italic.ttf using Guid(c839255fc8f6b4b4d90bf8c1af9f9bd1) Importer(815301076,1909f56bfc062723c751e8b465ee728b)  -> (artifact id: '20db8c0459622abce8dd00d9dfd5c21a') in 0.042222 seconds 
  Import took 0.049695 seconds .

========================================================================
Received Import Request.
  Time since last request: 0.000507 seconds.
  path: Packages/com.unity.render-pipelines.universal/Runtime/Materials/SimpleLit.mat
  artifactKey: Guid(6a1143ee683302f4aa628c052723efc1) Importer(815301076,1909f56bfc062723c751e8b465ee728b)
Start importing Packages/com.unity.render-pipelines.universal/Runtime/Materials/SimpleLit.mat using Guid(6a1143ee683302f4aa628c052723efc1) Importer(815301076,1909f56bfc062723c751e8b465ee728b) Shader error in 'Universal Render Pipeline/Simple Lit': Couldn't open include file 'Packages/com.unity.render-pipelines.universal/Shaders/SimpleLitInput.hlsl'. at line 136

Compiling Fragment program with _GLOSSINESS_FROM_BASE_ALPHA
Platform defines: UNITY_ENABLE_REFLECTION_BUFFERS UNITY_USE_DITHER_MASK_FOR_ALPHABLENDED_SHADOWS UNITY_PBS_USE_BRDF1 UNITY_SPECCUBE_BOX_PROJECTION UNITY_SPECCUBE_BLENDING UNITY_ENABLE_DETAIL_NORMALMAP SHADER_API_DESKTOP UNITY_COLORSPACE_GAMMA UNITY_LIGHT_PROBE_PROXY_VOLUME UNITY_LIGHTMAP_FULL_HDR UNITY_PASS_SHADOWCASTER
Disabled keywords: DOTS_INSTANCING_ON INSTANCING_ON _ALPHATEST_ON UNITY_NO_DXT5nm UNITY_ENABLE_NATIVE_SHADOW_LOOKUPS UNITY_METAL_SHADOWS_USE_POINT_FILTERING UNITY_NO_SCREENSPACE_SHADOWS UNITY_PBS_USE_BRDF2 UNITY_PBS_USE_BRDF3 UNITY_NO_FULL_STANDARD_SHADER UNITY_HARDWARE_TIER1 UNITY_HARDWARE_TIER2 UNITY_HARDWARE_TIER3 UNITY_HALF_PRECISION_FRAGMENT_SHADER_REGISTERS UNITY_LIGHTMAP_DLDR_ENCODING UNITY_LIGHTMAP_RGBM_ENCODING UNITY_VIRTUAL_TEXTURING UNITY_PRETRANSFORM_TO_DISPLAY_ORIENTATION UNITY_ASTC_NORMALMAP_ENCODING SHADER_API_GLES30

Shader error in 'Universal Render Pipeline/Simple Lit': Couldn't open include file 'Packages/com.unity.render-pipelines.universal/Shaders/SimpleLitInput.hlsl'. at line 136

Compiling Fragment program with _GLOSSINESS_FROM_BASE_ALPHA
Platform defines: UNITY_ENABLE_REFLECTION_BUFFERS UNITY_USE_DITHER_MASK_FOR_ALPHABLENDED_SHADOWS UNITY_PBS_USE_BRDF1 UNITY_SPECCUBE_BOX_PROJECTION UNITY_SPECCUBE_BLENDING UNITY_ENABLE_DETAIL_NORMALMAP SHADER_API_DESKTOP UNITY_COLORSPACE_GAMMA UNITY_LIGHT_PROBE_PROXY_VOLUME UNITY_LIGHTMAP_FULL_HDR UNITY_PASS_SHADOWCASTER
Disabled keywords: DOTS_INSTANCING_ON INSTANCING_ON _ALPHATEST_ON UNITY_NO_DXT5nm UNITY_ENABLE_NATIVE_SHADOW_LOOKUPS UNITY_METAL_SHADOWS_USE_POINT_FILTERING UNITY_NO_SCREENSPACE_SHADOWS UNITY_PBS_USE_BRDF2 UNITY_PBS_USE_BRDF3 UNITY_NO_FULL_STANDARD_SHADER UNITY_HARDWARE_TIER1 UNITY_HARDWARE_TIER2 UNITY_HARDWARE_TIER3 UNITY_HALF_PRECISION_FRAGMENT_SHADER_REGISTERS UNITY_LIGHTMAP_DLDR_ENCODING UNITY_LIGHTMAP_RGBM_ENCODING UNITY_VIRTUAL_TEXTURING UNITY_PRETRANSFORM_TO_DISPLAY_ORIENTATION UNITY_ASTC_NORMALMAP_ENCODING SHADER_API_GLES30

Shader error in 'Universal Render Pipeline/Simple Lit': Couldn't open include file 'Packages/com.unity.render-pipelines.universal/Shaders/SimpleLitInput.hlsl'. at line 219

Compiling Fragment program with _GLOSSINESS_FROM_BASE_ALPHA
Platform defines: UNITY_ENABLE_REFLECTION_BUFFERS UNITY_USE_DITHER_MASK_FOR_ALPHABLENDED_SHADOWS UNITY_PBS_USE_BRDF1 UNITY_SPECCUBE_BOX_PROJECTION UNITY_SPECCUBE_BLENDING UNITY_ENABLE_DETAIL_NORMALMAP SHADER_API_DESKTOP UNITY_COLORSPACE_GAMMA UNITY_LIGHT_PROBE_PROXY_VOLUME UNITY_LIGHTMAP_FULL_HDR
Disabled keywords: DOTS_INSTANCING_ON INSTANCING_ON _ALPHATEST_ON UNITY_NO_DXT5nm UNITY_ENABLE_NATIVE_SHADOW_LOOKUPS UNITY_METAL_SHADOWS_USE_POINT_FILTERING UNITY_NO_SCREENSPACE_SHADOWS UNITY_PBS_USE_BRDF2 UNITY_PBS_USE_BRDF3 UNITY_NO_FULL_STANDARD_SHADER UNITY_HARDWARE_TIER1 UNITY_HARDWARE_TIER2 UNITY_HARDWARE_TIER3 UNITY_HALF_PRECISION_FRAGMENT_SHADER_REGISTERS UNITY_LIGHTMAP_DLDR_ENCODING UNITY_LIGHTMAP_RGBM_ENCODING UNITY_VIRTUAL_TEXTURING UNITY_PRETRANSFORM_TO_DISPLAY_ORIENTATION UNITY_ASTC_NORMALMAP_ENCODING SHADER_API_GLES30

Shader error in 'Universal Render Pipeline/Simple Lit': Couldn't open include file 'Packages/com.unity.render-pipelines.universal/Shaders/SimpleLitInput.hlsl'. at line 104

Compiling Vertex program with _ADDITIONAL_LIGHTS
Platform defines: UNITY_ENABLE_REFLECTION_BUFFERS UNITY_USE_DITHER_MASK_FOR_ALPHABLENDED_SHADOWS UNITY_PBS_USE_BRDF1 UNITY_SPECCUBE_BOX_PROJECTION UNITY_SPECCUBE_BLENDING UNITY_ENABLE_DETAIL_NORMALMAP SHADER_API_DESKTOP UNITY_COLORSPACE_GAMMA UNITY_LIGHT_PROBE_PROXY_VOLUME UNITY_LIGHTMAP_FULL_HDR
Disabled keywords: _MAIN_LIGHT_SHADOWS _MAIN_LIGHT_SHADOWS_CASCADE _ADDITIONAL_LIGHTS_VERTEX LIGHTMAP_SHADOW_MIXING SHADOWS_SHADOWMASK DIRLIGHTMAP_COMBINED LIGHTMAP_ON DOTS_INSTANCING_ON FOG_LINEAR FOG_EXP FOG_EXP2 INSTANCING_ON _NORMALMAP _RECEIVE_SHADOWS_OFF UNITY_NO_DXT5nm UNITY_ENABLE_NATIVE_SHADOW_LOOKUPS UNITY_METAL_SHADOWS_USE_POINT_FILTERING UNITY_NO_SCREENSPACE_SHADOWS UNITY_PBS_USE_BRDF2 UNITY_PBS_USE_BRDF3 UNITY_NO_FULL_STANDARD_SHADER UNITY_HARDWARE_TIER1 UNITY_HARDWARE_TIER2 UNITY_HARDWARE_TIER3 UNITY_HALF_PRECISION_FRAGMENT_SHADER_REGISTERS UNITY_LIGHTMAP_DLDR_ENCODING UNITY_LIGHTMAP_RGBM_ENCODING UNITY_VIRTUAL_TEXTURING UNITY_PRETRANSFORM_TO_DISPLAY_ORIENTATION UNITY_ASTC_NORMALMAP_ENCODING SHADER_API_GLES30

Shader error in 'Universal Render Pipeline/Simple Lit': Couldn't open include file 'Packages/com.unity.render-pipelines.universal/Shaders/SimpleLitInput.hlsl'. at line 136

Compiling Fragment program with _GLOSSINESS_FROM_BASE_ALPHA
Platform defines: UNITY_ENABLE_REFLECTION_BUFFERS UNITY_USE_DITHER_MASK_FOR_ALPHABLENDED_SHADOWS UNITY_PBS_USE_BRDF1 UNITY_SPECCUBE_BOX_PROJECTION UNITY_SPECCUBE_BLENDING UNITY_ENABLE_DETAIL_NORMALMAP SHADER_API_DESKTOP UNITY_COLORSPACE_GAMMA UNITY_LIGHT_PROBE_PROXY_VOLUME UNITY_LIGHTMAP_FULL_HDR UNITY_PASS_SHADOWCASTER
Disabled keywords: DOTS_INSTANCING_ON INSTANCING_ON _ALPHATEST_ON UNITY_NO_DXT5nm UNITY_ENABLE_NATIVE_SHADOW_LOOKUPS UNITY_METAL_SHADOWS_USE_POINT_FILTERING UNITY_NO_SCREENSPACE_SHADOWS UNITY_PBS_USE_BRDF2 UNITY_PBS_USE_BRDF3 UNITY_NO_FULL_STANDARD_SHADER UNITY_HARDWARE_TIER1 UNITY_HARDWARE_TIER2 UNITY_HARDWARE_TIER3 UNITY_HALF_PRECISION_FRAGMENT_SHADER_REGISTERS UNITY_LIGHTMAP_DLDR_ENCODING UNITY_LIGHTMAP_RGBM_ENCODING UNITY_VIRTUAL_TEXTURING UNITY_PRETRANSFORM_TO_DISPLAY_ORIENTATION UNITY_ASTC_NORMALMAP_ENCODING SHADER_API_GLES30

Shader error in 'Universal Render Pipeline/Simple Lit': Couldn't open include file 'Packages/com.unity.render-pipelines.universal/Shaders/SimpleLitInput.hlsl'. at line 219

Compiling Fragment program with _GLOSSINESS_FROM_BASE_ALPHA
Platform defines: UNITY_ENABLE_REFLECTION_BUFFERS UNITY_USE_DITHER_MASK_FOR_ALPHABLENDED_SHADOWS UNITY_PBS_USE_BRDF1 UNITY_SPECCUBE_BOX_PROJECTION UNITY_SPECCUBE_BLENDING UNITY_ENABLE_DETAIL_NORMALMAP SHADER_API_DESKTOP UNITY_COLORSPACE_GAMMA UNITY_LIGHT_PROBE_PROXY_VOLUME UNITY_LIGHTMAP_FULL_HDR
Disabled keywords: DOTS_INSTANCING_ON INSTANCING_ON _ALPHATEST_ON UNITY_NO_DXT5nm UNITY_ENABLE_NATIVE_SHADOW_LOOKUPS UNITY_METAL_SHADOWS_USE_POINT_FILTERING UNITY_NO_SCREENSPACE_SHADOWS UNITY_PBS_USE_BRDF2 UNITY_PBS_USE_BRDF3 UNITY_NO_FULL_STANDARD_SHADER UNITY_HARDWARE_TIER1 UNITY_HARDWARE_TIER2 UNITY_HARDWARE_TIER3 UNITY_HALF_PRECISION_FRAGMENT_SHADER_REGISTERS UNITY_LIGHTMAP_DLDR_ENCODING UNITY_LIGHTMAP_RGBM_ENCODING UNITY_VIRTUAL_TEXTURING UNITY_PRETRANSFORM_TO_DISPLAY_ORIENTATION UNITY_ASTC_NORMALMAP_ENCODING SHADER_API_GLES30

Shader error in 'Universal Render Pipeline/Simple Lit': Couldn't open include file 'Packages/com.unity.render-pipelines.universal/Shaders/SimpleLitInput.hlsl'. at line 104

Compiling Vertex program with _ADDITIONAL_LIGHTS
Platform defines: UNITY_ENABLE_REFLECTION_BUFFERS UNITY_USE_DITHER_MASK_FOR_ALPHABLENDED_SHADOWS UNITY_PBS_USE_BRDF1 UNITY_SPECCUBE_BOX_PROJECTION UNITY_SPECCUBE_BLENDING UNITY_ENABLE_DETAIL_NORMALMAP SHADER_API_DESKTOP UNITY_COLORSPACE_GAMMA UNITY_LIGHT_PROBE_PROXY_VOLUME UNITY_LIGHTMAP_FULL_HDR
Disabled keywords: _MAIN_LIGHT_SHADOWS _MAIN_LIGHT_SHADOWS_CASCADE _ADDITIONAL_LIGHTS_VERTEX LIGHTMAP_SHADOW_MIXING SHADOWS_SHADOWMASK DIRLIGHTMAP_COMBINED LIGHTMAP_ON DOTS_INSTANCING_ON FOG_LINEAR FOG_EXP FOG_EXP2 INSTANCING_ON _NORMALMAP _RECEIVE_SHADOWS_OFF UNITY_NO_DXT5nm UNITY_ENABLE_NATIVE_SHADOW_LOOKUPS UNITY_METAL_SHADOWS_USE_POINT_FILTERING UNITY_NO_SCREENSPACE_SHADOWS UNITY_PBS_USE_BRDF2 UNITY_PBS_USE_BRDF3 UNITY_NO_FULL_STANDARD_SHADER UNITY_HARDWARE_TIER1 UNITY_HARDWARE_TIER2 UNITY_HARDWARE_TIER3 UNITY_HALF_PRECISION_FRAGMENT_SHADER_REGISTERS UNITY_LIGHTMAP_DLDR_ENCODING UNITY_LIGHTMAP_RGBM_ENCODING UNITY_VIRTUAL_TEXTURING UNITY_PRETRANSFORM_TO_DISPLAY_ORIENTATION UNITY_ASTC_NORMALMAP_ENCODING SHADER_API_GLES30

Shader error in 'Universal Render Pipeline/Simple Lit': Couldn't open include file 'Packages/com.unity.render-pipelines.universal/Shaders/SimpleLitInput.hlsl'. at line 136

Compiling Fragment program with _GLOSSINESS_FROM_BASE_ALPHA
Platform defines: UNITY_ENABLE_REFLECTION_BUFFERS UNITY_USE_DITHER_MASK_FOR_ALPHABLENDED_SHADOWS UNITY_PBS_USE_BRDF1 UNITY_SPECCUBE_BOX_PROJECTION UNITY_SPECCUBE_BLENDING UNITY_ENABLE_DETAIL_NORMALMAP SHADER_API_DESKTOP UNITY_COLORSPACE_GAMMA UNITY_LIGHT_PROBE_PROXY_VOLUME UNITY_LIGHTMAP_FULL_HDR UNITY_PASS_SHADOWCASTER
Disabled keywords: DOTS_INSTANCING_ON INSTANCING_ON _ALPHATEST_ON UNITY_NO_DXT5nm UNITY_ENABLE_NATIVE_SHADOW_LOOKUPS UNITY_METAL_SHADOWS_USE_POINT_FILTERING UNITY_NO_SCREENSPACE_SHADOWS UNITY_PBS_USE_BRDF2 UNITY_PBS_USE_BRDF3 UNITY_NO_FULL_STANDARD_SHADER UNITY_HARDWARE_TIER1 UNITY_HARDWARE_TIER2 UNITY_HARDWARE_TIER3 UNITY_HALF_PRECISION_FRAGMENT_SHADER_REGISTERS UNITY_LIGHTMAP_DLDR_ENCODING UNITY_LIGHTMAP_RGBM_ENCODING UNITY_VIRTUAL_TEXTURING UNITY_PRETRANSFORM_TO_DISPLAY_ORIENTATION UNITY_ASTC_NORMALMAP_ENCODING SHADER_API_GLES30

Shader error in 'Universal Render Pipeline/Simple Lit': Couldn't open include file 'Packages/com.unity.render-pipelines.universal/Shaders/SimpleLitInput.hlsl'. at line 219

Compiling Fragment program with _GLOSSINESS_FROM_BASE_ALPHA
Platform defines: UNITY_ENABLE_REFLECTION_BUFFERS UNITY_USE_DITHER_MASK_FOR_ALPHABLENDED_SHADOWS UNITY_PBS_USE_BRDF1 UNITY_SPECCUBE_BOX_PROJECTION UNITY_SPECCUBE_BLENDING UNITY_ENABLE_DETAIL_NORMALMAP SHADER_API_DESKTOP UNITY_COLORSPACE_GAMMA UNITY_LIGHT_PROBE_PROXY_VOLUME UNITY_LIGHTMAP_FULL_HDR
Disabled keywords: DOTS_INSTANCING_ON INSTANCING_ON _ALPHATEST_ON UNITY_NO_DXT5nm UNITY_ENABLE_NATIVE_SHADOW_LOOKUPS UNITY_METAL_SHADOWS_USE_POINT_FILTERING UNITY_NO_SCREENSPACE_SHADOWS UNITY_PBS_USE_BRDF2 UNITY_PBS_USE_BRDF3 UNITY_NO_FULL_STANDARD_SHADER UNITY_HARDWARE_TIER1 UNITY_HARDWARE_TIER2 UNITY_HARDWARE_TIER3 UNITY_HALF_PRECISION_FRAGMENT_SHADER_REGISTERS UNITY_LIGHTMAP_DLDR_ENCODING UNITY_LIGHTMAP_RGBM_ENCODING UNITY_VIRTUAL_TEXTURING UNITY_PRETRANSFORM_TO_DISPLAY_ORIENTATION UNITY_ASTC_NORMALMAP_ENCODING SHADER_API_GLES30

 -> (artifact id: 'd13bfcacf1e0e9fc458aeecf67d8cc9f') in 0.056117 seconds 
  Import took 0.064069 seconds .

========================================================================
Received Import Request.
  Time since last request: 0.000467 seconds.
  path: Packages/com.unity.searcher/Editor/Resources/FlatSkin/Font/Roboto-Black.ttf
  artifactKey: Guid(1062c701058745940ae5dca6219c64c8) Importer(815301076,1909f56bfc062723c751e8b465ee728b)
Start importing Packages/com.unity.searcher/Editor/Resources/FlatSkin/Font/Roboto-Black.ttf using Guid(1062c701058745940ae5dca6219c64c8) Importer(815301076,1909f56bfc062723c751e8b465ee728b)  -> (artifact id: 'e44c36e063b3bd534ee24663bbd97f9a') in 0.028482 seconds 
  Import took 0.035474 seconds .

========================================================================
Received Import Request.
  Time since last request: 0.000487 seconds.
  path: Assets/Skyboxes/HDRSkybox.mat
  artifactKey: Guid(28a83e0ff6b75b44fb9f4c00af572202) Importer(815301076,1909f56bfc062723c751e8b465ee728b)
Start importing Assets/Skyboxes/HDRSkybox.mat using Guid(28a83e0ff6b75b44fb9f4c00af572202) Importer(815301076,1909f56bfc062723c751e8b465ee728b)  -> (artifact id: '226888ac183bca07b79a288f6d0025b0') in 0.032748 seconds 
  Import took 0.045383 seconds .

========================================================================
Received Import Request.
  Time since last request: 0.000515 seconds.
  path: Packages/com.unity.render-pipelines.universal/Runtime/Materials/Sprite-Lit-Default.mat
  artifactKey: Guid(a97c105638bdf8b4a8650670310a4cd3) Importer(815301076,1909f56bfc062723c751e8b465ee728b)
Start importing Packages/com.unity.render-pipelines.universal/Runtime/Materials/Sprite-Lit-Default.mat using Guid(a97c105638bdf8b4a8650670310a4cd3) Importer(815301076,1909f56bfc062723c751e8b465ee728b)  -> (artifact id: '1817c2401adbf468bfa1d6ced648dc58') in 0.030359 seconds 
  Import took 0.039250 seconds .

========================================================================
Received Import Request.
  Time since last request: 0.000717 seconds.
  path: Packages/com.unity.render-pipelines.universal/Runtime/Materials/Lit.mat
  artifactKey: Guid(31321ba15b8f8eb4c954353edc038b1d) Importer(815301076,1909f56bfc062723c751e8b465ee728b)
Start importing Packages/com.unity.render-pipelines.universal/Runtime/Materials/Lit.mat using Guid(31321ba15b8f8eb4c954353edc038b1d) Importer(815301076,1909f56bfc062723c751e8b465ee728b)  -> (artifact id: '221593398af41394f4523c209daa88a2') in 0.022524 seconds 
  Import took 0.033093 seconds .

========================================================================
Received Import Request.
  Time since last request: 0.000430 seconds.
  path: Packages/com.unity.searcher/Editor/Resources/FlatSkin/Font/Roboto-Medium.ttf
  artifactKey: Guid(a51a3aebb43ac044989270407476b208) Importer(815301076,1909f56bfc062723c751e8b465ee728b)
Start importing Packages/com.unity.searcher/Editor/Resources/FlatSkin/Font/Roboto-Medium.ttf using Guid(a51a3aebb43ac044989270407476b208) Importer(815301076,1909f56bfc062723c751e8b465ee728b)  -> (artifact id: 'a5fe47efb367347bd464b38816c3b127') in 0.044730 seconds 
  Import took 0.056638 seconds .

========================================================================
Received Import Request.
  Time since last request: 0.000423 seconds.
  path: Packages/com.unity.render-pipelines.core/Runtime/Debugging/Prefabs/Fonts/Perfect DOS VGA 437.ttf
  artifactKey: Guid(74a5091d8707f334b9a5c31ef71a64ba) Importer(815301076,1909f56bfc062723c751e8b465ee728b)
Start importing Packages/com.unity.render-pipelines.core/Runtime/Debugging/Prefabs/Fonts/Perfect DOS VGA 437.ttf using Guid(74a5091d8707f334b9a5c31ef71a64ba) Importer(815301076,1909f56bfc062723c751e8b465ee728b)  -> (artifact id: 'f9c9b08343fa24fb93d161d987aaa12a') in 0.044991 seconds 
  Import took 0.051610 seconds .

========================================================================
Received Import Request.
  Time since last request: 0.000458 seconds.
  path: Packages/com.unity.searcher/Editor/Resources/FlatSkin/Font/Roboto-Light.ttf
  artifactKey: Guid(2a29e27936eb547458f646f71125b264) Importer(815301076,1909f56bfc062723c751e8b465ee728b)
Start importing Packages/com.unity.searcher/Editor/Resources/FlatSkin/Font/Roboto-Light.ttf using Guid(2a29e27936eb547458f646f71125b264) Importer(815301076,1909f56bfc062723c751e8b465ee728b)  -> (artifact id: 'b3851f9ddecd6aeff1c9720b6bb7a5be') in 0.052191 seconds 
  Import took 0.062078 seconds .

========================================================================
Received Import Request.
  Time since last request: 0.000561 seconds.
  path: Packages/com.unity.searcher/Editor/Resources/FlatSkin/Font/Roboto-LightItalic.ttf
  artifactKey: Guid(5e63515167650a541b309ba3bfd4db3d) Importer(815301076,1909f56bfc062723c751e8b465ee728b)
Start importing Packages/com.unity.searcher/Editor/Resources/FlatSkin/Font/Roboto-LightItalic.ttf using Guid(5e63515167650a541b309ba3bfd4db3d) Importer(815301076,1909f56bfc062723c751e8b465ee728b)  -> (artifact id: 'ecb9e73ee574557bd7164e088fb2e88f') in 0.043233 seconds 
  Import took 0.051791 seconds .

========================================================================
Received Import Request.
  Time since last request: 47.721092 seconds.
  path: Assets/Materials/Blood.mat
  artifactKey: Guid(f9081434f5049104fbf9953c01b9c06e) Importer(815301076,1909f56bfc062723c751e8b465ee728b)
Start importing Assets/Materials/Blood.mat using Guid(f9081434f5049104fbf9953c01b9c06e) Importer(815301076,1909f56bfc062723c751e8b465ee728b)  -> (artifact id: '1861b4cdf764249c41865ce73929e9ae') in 0.023448 seconds 
  Import took 0.034371 seconds .

========================================================================
Received Import Request.
  Time since last request: 0.000479 seconds.
  path: Assets/Materials/EnvBranch_1.mat
  artifactKey: Guid(d75d1c9464a2e0e48ae65439f5a4da0c) Importer(815301076,1909f56bfc062723c751e8b465ee728b)
Start importing Assets/Materials/EnvBranch_1.mat using Guid(d75d1c9464a2e0e48ae65439f5a4da0c) Importer(815301076,1909f56bfc062723c751e8b465ee728b)  -> (artifact id: 'c8b029844e7135fe78aa7e380b965747') in 0.020712 seconds 
  Import took 0.027740 seconds .

========================================================================
Received Import Request.
  Time since last request: 0.000433 seconds.
  path: Assets/Materials/Clouds.mat
  artifactKey: Guid(a1c1896a2224c54498e04b62dde5ba8d) Importer(815301076,1909f56bfc062723c751e8b465ee728b)
Start importing Assets/Materials/Clouds.mat using Guid(a1c1896a2224c54498e04b62dde5ba8d) Importer(815301076,1909f56bfc062723c751e8b465ee728b)  -> (artifact id: 'a7fb5f0c704807b29a3447bcce307c62') in 0.019300 seconds 
  Import took 0.030503 seconds .

========================================================================
Received Import Request.
  Time since last request: 0.000514 seconds.
  path: Assets/Materials/Invisible.mat
  artifactKey: Guid(5520d8aee50f57d49b20f926c7a6f380) Importer(815301076,1909f56bfc062723c751e8b465ee728b)
Start importing Assets/Materials/Invisible.mat using Guid(5520d8aee50f57d49b20f926c7a6f380) Importer(815301076,1909f56bfc062723c751e8b465ee728b)  -> (artifact id: '3d43b84621893b5a7151b5778007d928') in 0.027674 seconds 
  Import took 0.034820 seconds .

========================================================================
Received Import Request.
  Time since last request: 0.000512 seconds.
  path: Assets/Materials/Mushroom.mat
  artifactKey: Guid(67e1a1b3c40a56b49b65fb52b13e061c) Importer(815301076,1909f56bfc062723c751e8b465ee728b)
Start importing Assets/Materials/Mushroom.mat using Guid(67e1a1b3c40a56b49b65fb52b13e061c) Importer(815301076,1909f56bfc062723c751e8b465ee728b)  -> (artifact id: '839e854054bb605d03a5ccd92c0b5350') in 0.026399 seconds 
  Import took 0.034157 seconds .

========================================================================
Received Import Request.
  Time since last request: 0.000478 seconds.
  path: Assets/Materials/MushroomStipe.mat
  artifactKey: Guid(e1a8064933e1ad143b5a3437da795431) Importer(815301076,1909f56bfc062723c751e8b465ee728b)
Start importing Assets/Materials/MushroomStipe.mat using Guid(e1a8064933e1ad143b5a3437da795431) Importer(815301076,1909f56bfc062723c751e8b465ee728b)  -> (artifact id: '6701d8a1715b6e752e490b1f41cecd16') in 0.019165 seconds 
  Import took 0.027311 seconds .

========================================================================
Received Import Request.
  Time since last request: 0.000447 seconds.
  path: Assets/Materials/Water.mat
  artifactKey: Guid(b2579b0111d9fbe41833887f3472a5ed) Importer(815301076,1909f56bfc062723c751e8b465ee728b)
Start importing Assets/Materials/Water.mat using Guid(b2579b0111d9fbe41833887f3472a5ed) Importer(815301076,1909f56bfc062723c751e8b465ee728b)  -> (artifact id: '68e14867ac32cc8e196c900730325cc7') in 0.029917 seconds 
  Import took 0.039124 seconds .

========================================================================
Received Import Request.
  Time since last request: 0.000557 seconds.
  path: Assets/Materials/Crate.mat
  artifactKey: Guid(e32bcd7ea20b3bb4daa6ffe9fbb12a22) Importer(815301076,1909f56bfc062723c751e8b465ee728b)
Start importing Assets/Materials/Crate.mat using Guid(e32bcd7ea20b3bb4daa6ffe9fbb12a22) Importer(815301076,1909f56bfc062723c751e8b465ee728b)  -> (artifact id: '90f608578b83dac811276c5eb2afb058') in 0.034252 seconds 
  Import took 0.047078 seconds .

========================================================================
Received Import Request.
  Time since last request: 0.000457 seconds.
  path: Assets/Materials/Grass_01.mat
  artifactKey: Guid(0387da3464085da4ba43c69f8e3f9881) Importer(815301076,1909f56bfc062723c751e8b465ee728b)
Start importing Assets/Materials/Grass_01.mat using Guid(0387da3464085da4ba43c69f8e3f9881) Importer(815301076,1909f56bfc062723c751e8b465ee728b)  -> (artifact id: '59b6fd507a322f74136f65be508fdf9a') in 0.023622 seconds 
  Import took 0.033331 seconds .

========================================================================
Received Import Request.
  Time since last request: 0.000421 seconds.
  path: Assets/Materials/House.mat
  artifactKey: Guid(55d1ff0e7276ad64b9b9e6809a16712b) Importer(815301076,1909f56bfc062723c751e8b465ee728b)
Start importing Assets/Materials/House.mat using Guid(55d1ff0e7276ad64b9b9e6809a16712b) Importer(815301076,1909f56bfc062723c751e8b465ee728b)  -> (artifact id: '5e114bafdb17338d878599db1270e1c7') in 0.018800 seconds 
  Import took 0.029680 seconds .

========================================================================
Received Import Request.
  Time since last request: 0.000460 seconds.
  path: Assets/Materials/Grass_02.mat
  artifactKey: Guid(d02a3c79b153c794f8e6f3d736a9f5d6) Importer(815301076,1909f56bfc062723c751e8b465ee728b)
Start importing Assets/Materials/Grass_02.mat using Guid(d02a3c79b153c794f8e6f3d736a9f5d6) Importer(815301076,1909f56bfc062723c751e8b465ee728b)  -> (artifact id: 'f69173af619534675b555e667949e43e') in 0.023261 seconds 
  Import took 0.033027 seconds .

========================================================================
Received Import Request.
  Time since last request: 0.000450 seconds.
  path: Assets/Materials/Rock.mat
  artifactKey: Guid(5f98e165bebcf9e499dacbe29e21073d) Importer(815301076,1909f56bfc062723c751e8b465ee728b)
Start importing Assets/Materials/Rock.mat using Guid(5f98e165bebcf9e499dacbe29e21073d) Importer(815301076,1909f56bfc062723c751e8b465ee728b)  -> (artifact id: '713f1baa1414e7778176186cb25c4103') in 0.020838 seconds 
  Import took 0.031514 seconds .

========================================================================
Received Import Request.
  Time since last request: 0.000508 seconds.
  path: Assets/Materials/Slime.mat
  artifactKey: Guid(3fb10050c13cacd4a99dcbe95e030910) Importer(815301076,1909f56bfc062723c751e8b465ee728b)
Start importing Assets/Materials/Slime.mat using Guid(3fb10050c13cacd4a99dcbe95e030910) Importer(815301076,1909f56bfc062723c751e8b465ee728b)  -> (artifact id: 'ab6decebd62a1caf45ecd3bbcba12ea3') in 0.024280 seconds 
  Import took 0.031719 seconds .

========================================================================
Received Import Request.
  Time since last request: 514.048464 seconds.
  path: Assets/Materials/Lightbulb.mat
  artifactKey: Guid(06915288d8b0e284eac7b6e497561e33) Importer(815301076,1909f56bfc062723c751e8b465ee728b)
Start importing Assets/Materials/Lightbulb.mat using Guid(06915288d8b0e284eac7b6e497561e33) Importer(815301076,1909f56bfc062723c751e8b465ee728b)  -> (artifact id: '9920a986fa5f9abdda2f62c886794b48') in 0.026573 seconds 
  Import took 0.036458 seconds .

========================================================================
Received Import Request.
  Time since last request: 151.893589 seconds.
  path: Assets/PostProcessing/UniversalRenderPipelineAsset.asset
  artifactKey: Guid(38a21475020b1d24b894a0b544aaba36) Importer(815301076,1909f56bfc062723c751e8b465ee728b)
Start importing Assets/PostProcessing/UniversalRenderPipelineAsset.asset using Guid(38a21475020b1d24b894a0b544aaba36) Importer(815301076,1909f56bfc062723c751e8b465ee728b)  -> (artifact id: '14f79874016cfb8f3a5d0e1c832855f4') in 0.012572 seconds 
  Import took 0.026243 seconds .

========================================================================
Received Import Request.
  Time since last request: 0.000503 seconds.
  path: Assets/PostProcessing/UniversalRenderPipelineAsset_Renderer.asset
  artifactKey: Guid(122e9d196eae4914f8e415b19eb6d4f0) Importer(815301076,1909f56bfc062723c751e8b465ee728b)
Start importing Assets/PostProcessing/UniversalRenderPipelineAsset_Renderer.asset using Guid(122e9d196eae4914f8e415b19eb6d4f0) Importer(815301076,1909f56bfc062723c751e8b465ee728b)  -> (artifact id: 'bdc2de108d8c0c3ac06a4b6fa7b29025') in 0.004963 seconds 
  Import took 0.011443 seconds .

AssetImportWorkerClient::OnTransportError - code=2 error=End of file
